<?xml version="1.0" encoding="UTF-8"?>
<testng-results skipped="0" failed="0" ignored="0" total="1" passed="1">
  <reporter-output>
  </reporter-output>
  <suite name="Default suite" duration-ms="16170" started-at="2019-08-10T06:00:05Z" finished-at="2019-08-10T06:00:21Z">
    <groups>
      <group name="cucumber">
        <method signature="AbstractTestNGCucumberTests.feature(cucumber.api.testng.CucumberFeatureWrapper)[pri:0, instance:test_runner.NewTest@cb5822]" name="feature" class="cucumber.api.testng.AbstractTestNGCucumberTests"/>
      </group> <!-- cucumber -->
    </groups>
    <test name="Default test" duration-ms="16170" started-at="2019-08-10T06:00:05Z" finished-at="2019-08-10T06:00:21Z">
      <class name="test_runner.NewTest">
        <test-method status="PASS" signature="setUpClass()[pri:0, instance:test_runner.NewTest@cb5822]" name="setUpClass" is-config="true" duration-ms="180" started-at="2019-08-10T06:00:05Z" finished-at="2019-08-10T06:00:05Z">
          <reporter-output>
          </reporter-output>
        </test-method> <!-- setUpClass -->
        <test-method status="PASS" signature="feature(cucumber.api.testng.CucumberFeatureWrapper)[pri:0, instance:test_runner.NewTest@cb5822]" name="feature" duration-ms="15910" started-at="2019-08-10T06:00:05Z" description="Runs Cucumber Feature" data-provider="features" finished-at="2019-08-10T06:00:21Z">
          <params>
            <param index="0">
              <value>
                <![CDATA[Login feature for Demo Web Shop(http://demowebshop.tricentis.com)]]>
              </value>
            </param>
          </params>
          <reporter-output>
          </reporter-output>
        </test-method> <!-- feature -->
        <test-method status="PASS" signature="tearDownClass()[pri:0, instance:test_runner.NewTest@cb5822]" name="tearDownClass" is-config="true" duration-ms="0" started-at="2019-08-10T06:00:21Z" finished-at="2019-08-10T06:00:21Z">
          <reporter-output>
          </reporter-output>
        </test-method> <!-- tearDownClass -->
      </class> <!-- test_runner.NewTest -->
    </test> <!-- Default test -->
  </suite> <!-- Default suite -->
</testng-results>
